-------------------------------------------------------------------------------
Test set: com.javasampleapproach.springrest.postgresql.SpringRestPostgreSqlApplicationTests
-------------------------------------------------------------------------------
Tests run: 1, Failures: 0, Errors: 1, Skipped: 0, Time elapsed: 5.939 s <<< FAILURE! - in com.javasampleapproach.springrest.postgresql.SpringRestPostgreSqlApplicationTests
contextLoads(com.javasampleapproach.springrest.postgresql.SpringRestPostgreSqlApplicationTests)  Time elapsed: 0.014 s  <<< ERROR!
java.lang.IllegalStateException: Failed to load ApplicationContext
Caused by: org.springframework.beans.factory.BeanCreationException: Error creating bean with name 'entityManagerFactory' defined in class path resource [org/springframework/boot/autoconfigure/orm/jpa/HibernateJpaConfiguration.class]: Invocation of init method failed; nested exception is javax.persistence.PersistenceException: [PersistenceUnit: default] Unable to build Hibernate SessionFactory; nested exception is org.hibernate.MappingException: Repeated column in mapping for entity: com.javasampleapproach.springrest.postgresql.model.Car column: id (should be mapped with insert="false" update="false")
Caused by: javax.persistence.PersistenceException: [PersistenceUnit: default] Unable to build Hibernate SessionFactory; nested exception is org.hibernate.MappingException: Repeated column in mapping for entity: com.javasampleapproach.springrest.postgresql.model.Car column: id (should be mapped with insert="false" update="false")
Caused by: org.hibernate.MappingException: Repeated column in mapping for entity: com.javasampleapproach.springrest.postgresql.model.Car column: id (should be mapped with insert="false" update="false")

